
Showing logs for build [32mcb-kubecd-environment-pr-187-12-wsv9m-1[0m stage [32mfrom-build-pack[0m and container [32mstep-credential-initializer-s4q9v[0m
{"level":"warn","ts":1584974047.673987,"logger":"fallback-logger","caller":"logging/config.go:69","msg":"Fetch GitHub commit ID from kodata failed: \"ref: refs/heads/0.8.0-**-support-backwards-incompats\" is not a valid GitHub commit ID"}
{"level":"info","ts":1584974047.6755009,"logger":"fallback-logger","caller":"creds-init/main.go:40","msg":"Credentials initialized."}

Showing logs for build [32mcb-kubecd-environment-pr-187-12-wsv9m-1[0m stage [32mfrom-build-pack[0m and container [32mstep-working-dir-initializer-sppld[0m
{"level":"warn","ts":1584974048.6164212,"logger":"fallback-logger","caller":"logging/config.go:69","msg":"Fetch GitHub commit ID from kodata failed: open /var/run/ko/HEAD: no such file or directory"}
{"level":"info","ts":1584974048.6249,"logger":"fallback-logger","caller":"bash/main.go:64","msg":"Successfully executed command \"sh -c mkdir -p /workspace/source\"; output "}

Showing logs for build [32mcb-kubecd-environment-pr-187-12-wsv9m-1[0m stage [32mfrom-build-pack[0m and container [32mstep-place-tools[0m

Showing logs for build [32mcb-kubecd-environment-pr-187-12-wsv9m-1[0m stage [32mfrom-build-pack[0m and container [32mstep-git-source-cb-kubecd-environment-pr-187-12-wsv9m-vr8vg[0m
{"level":"warn","ts":1584974075.8934133,"logger":"fallback-logger","caller":"logging/config.go:69","msg":"Fetch GitHub commit ID from kodata failed: \"ref: refs/heads/0.8.0-**-support-backwards-incompats\" is not a valid GitHub commit ID"}
{"level":"info","ts":1584974076.9537585,"logger":"fallback-logger","caller":"git/git.go:103","msg":"Successfully cloned https://github.com/cb-kubecd/environment-pr-187-121-boot-gke-staging.git @ master in path /workspace/source"}

Showing logs for build [32mcb-kubecd-environment-pr-187-12-wsv9m-1[0m stage [32mfrom-build-pack[0m and container [32mstep-git-merge[0m
Using SHAs from PULL_REFS=master:b52369d2d1bd10cc9b43ee5a2c3fae459829af2b,1:da2fe219a392d847137775492f4fdca93590c7d0
DEBUG: LC_ALL=C JX_LOG_LEVEL=error git fetch origin --unshallow da2fe219a392d847137775492f4fdca93590c7d0: b52369d2d1bd10cc9b43ee5a2c3fae459829af2b:
DEBUG: ran git fetch --unshallow origin da2fe219a392d847137775492f4fdca93590c7d0: b52369d2d1bd10cc9b43ee5a2c3fae459829af2b: in 
DEBUG: LC_ALL=C JX_LOG_LEVEL=error git branch
DEBUG: JX_LOG_LEVEL=error LC_ALL=C git checkout master
DEBUG: ran git checkout master in 
DEBUG: LC_ALL=C JX_LOG_LEVEL=error git reset --hard b52369d2d1bd10cc9b43ee5a2c3fae459829af2b
DEBUG: ran git reset --hard b52369d2d1bd10cc9b43ee5a2c3fae459829af2b in 
DEBUG: LC_ALL=C JX_LOG_LEVEL=error git clean -fd .
DEBUG: ran clean --force -d . in 
DEBUG: LC_ALL=C JX_LOG_LEVEL=error git merge da2fe219a392d847137775492f4fdca93590c7d0
DEBUG: ran git merge da2fe219a392d847137775492f4fdca93590c7d0 in 
DEBUG: LC_ALL=C JX_LOG_LEVEL=error git log --format=%H%x1f%an%x1f%ae%x1f%cn%x1f%ce%x1f%s%n%b%x1e b52369d2d1bd10cc9b43ee5a2c3fae459829af2b..HEAD
Merged SHA da2fe219a392d847137775492f4fdca93590c7d0 with commit message 'chore: Promote bdd-spring-1584973576 to version 0.0.2' into base branch master

Showing logs for build [32mcb-kubecd-environment-pr-187-12-wsv9m-1[0m stage [32mfrom-build-pack[0m and container [32mstep-build-helm-build[0m
WARNING: No $CHART_REPOSITORY defined so using the default value of: http://jenkins-x-chartmuseum:8080
Adding missing Helm repo: storage.googleapis.com https://storage.googleapis.com/chartmuseum.jenkins-x.io
WARNING: No secrets found on "helm/repos" due: reading the secret "helm/repos" from vault: no secret "helm/repos" not found in vault
Read credentials for https://storage.googleapis.com/chartmuseum.jenkins-x.io from vault helm/repos
Successfully added Helm repository storage.googleapis.com.
Adding missing Helm repo: jenkins-x-chartmuseum http://jenkins-x-chartmuseum:8080
WARNING: No secrets found on "helm/repos" due: reading the secret "helm/repos" from vault: no secret "helm/repos" not found in vault
Read credentials for http://jenkins-x-chartmuseum:8080 from vault helm/repos
Successfully added Helm repository jenkins-x-chartmuseum.
WARNING: No $CHART_REPOSITORY defined so using the default value of: http://jenkins-x-chartmuseum:8080
Adding missing Helm repo: chartmuseum.jenkins-x.io http://chartmuseum.jenkins-x.io
WARNING: No secrets found on "helm/repos" due: reading the secret "helm/repos" from vault: no secret "helm/repos" not found in vault
Read credentials for http://chartmuseum.jenkins-x.io from vault helm/repos
Successfully added Helm repository chartmuseum.jenkins-x.io.
